2018-09-14T19:38:57+00:00 CRITICAL Uncaught Error: Call to undefined method WC_Product_Simple::wc_get_product_category_list() in C:\xampp\htdocs\tnt\wp-content\themes\tnt\woocommerce\cart\cart.php:99
Stack trace:
#0 C:\xampp\htdocs\tnt\wp-content\plugins\woocommerce\includes\wc-core-functions.php(210): include()
#1 C:\xampp\htdocs\tnt\wp-content\plugins\woocommerce\includes\shortcodes\class-wc-shortcode-cart.php(89): wc_get_template('cart/cart.php')
#2 C:\xampp\htdocs\tnt\wp-content\plugins\woocommerce\includes\class-wc-shortcodes.php(72): WC_Shortcode_Cart::output(Array)
#3 C:\xampp\htdocs\tnt\wp-content\plugins\woocommerce\includes\class-wc-shortcodes.php(85): WC_Shortcodes::shortcode_wrapper(Array)
#4 C:\xampp\htdocs\tnt\wp-includes\shortcodes.php(319): WC_Shortcodes::cart('', '', 'woocommerce_car...')
#5 [internal function]: do_shortcode_tag(Array)
#6 C:\xampp\htdocs\tnt\wp-includes\shortcodes.php(197): preg_replace_callback('/\\[(\\[?)(woocom...', 'do_shortcode_ta...', '[woocommerce_ca...')
#7 C:\xampp\htdocs\tnt\wp-includes\class-wp-hook

2018-09-14T19:39:13+00:00 CRITICAL Uncaught Error: Class 'WC' not found in C:\xampp\htdocs\tnt\wp-content\themes\tnt\woocommerce\cart\cart.php:99
Stack trace:
#0 C:\xampp\htdocs\tnt\wp-content\plugins\woocommerce\includes\wc-core-functions.php(210): include()
#1 C:\xampp\htdocs\tnt\wp-content\plugins\woocommerce\includes\shortcodes\class-wc-shortcode-cart.php(89): wc_get_template('cart/cart.php')
#2 C:\xampp\htdocs\tnt\wp-content\plugins\woocommerce\includes\class-wc-shortcodes.php(72): WC_Shortcode_Cart::output(Array)
#3 C:\xampp\htdocs\tnt\wp-content\plugins\woocommerce\includes\class-wc-shortcodes.php(85): WC_Shortcodes::shortcode_wrapper(Array)
#4 C:\xampp\htdocs\tnt\wp-includes\shortcodes.php(319): WC_Shortcodes::cart('', '', 'woocommerce_car...')
#5 [internal function]: do_shortcode_tag(Array)
#6 C:\xampp\htdocs\tnt\wp-includes\shortcodes.php(197): preg_replace_callback('/\\[(\\[?)(woocom...', 'do_shortcode_ta...', '[woocommerce_ca...')
#7 C:\xampp\htdocs\tnt\wp-includes\class-wp-hook.php(286): do_shortcode('[woocommerce_ca...')
#8 C:\xa

